0 info it worked if it ends with ok
1 verbose cli [ 'C:\\Program Files\\nodejs\\node.exe',
1 verbose cli   'C:\\Program Files\\nodejs\\node_modules\\npm\\bin\\npm-cli.js',
1 verbose cli   'run',
1 verbose cli   'lint' ]
2 info using npm@3.10.8
3 info using node@v6.9.1
4 verbose run-script [ 'prelint', 'lint', 'postlint' ]
5 info lifecycle ut-test@5.2.3~prelint: ut-test@5.2.3
6 silly lifecycle ut-test@5.2.3~prelint: no script for prelint, continuing
7 info lifecycle ut-test@5.2.3~lint: ut-test@5.2.3
8 verbose lifecycle ut-test@5.2.3~lint: unsafe-perm in lifecycle true
9 verbose lifecycle ut-test@5.2.3~lint: PATH: C:\Program Files\nodejs\node_modules\npm\bin\node-gyp-bin;D:\projects\impl-standard\dev\ut-test\node_modules\.bin;C:\Program Files\Git\mingw64\libexec\git-core;C:\Program Files\Git\mingw64\bin;C:\Program Files\Git\usr\bin;D:\influxdb-1.1.0-1\bin;C:\ProgramData\Oracle\Java\javapath;C:\Windows\system32;C:\Windows;C:\Windows\System32\Wbem;C:\Windows\System32\WindowsPowerShell\v1.0;C:\Program Files (x86)\Skype\Phone;C:\Program Files\Google\Google Apps Sync;C:\Program Files\Google\Google Apps Migration;C:\Program Files\Git\cmd;C:\Program Files\nodejs;C:\Program Files (x86)\Microsoft SQL Server\Client SDK\ODBC\130\Tools\Binn;C:\Program Files (x86)\Microsoft SQL Server\130\Tools\Binn;C:\Program Files (x86)\Microsoft SQL Server\130\DTS\Binn;C:\Program Files (x86)\Microsoft SQL Server\130\Tools\Binn\ManagementStudio;C:\Program Files\OpenVPN\bin;C:\Users\Polya.Mislyashka\AppData\Local\Microsoft\WindowsApps;C:\Program Files (x86)\Microsoft VS Code\bin;C:\Users\Polya.Mislyashka\AppData\Roaming\npm
10 verbose lifecycle ut-test@5.2.3~lint: CWD: D:\projects\impl-standard\dev\ut-test
11 silly lifecycle ut-test@5.2.3~lint: Args: [ '/d /s /c', 'ut-lint .' ]
12 silly lifecycle ut-test@5.2.3~lint: Returned: code: 1  signal: null
13 info lifecycle ut-test@5.2.3~lint: Failed to exec lint script
14 verbose stack Error: ut-test@5.2.3 lint: `ut-lint .`
14 verbose stack Exit status 1
14 verbose stack     at EventEmitter.<anonymous> (C:\Program Files\nodejs\node_modules\npm\lib\utils\lifecycle.js:255:16)
14 verbose stack     at emitTwo (events.js:106:13)
14 verbose stack     at EventEmitter.emit (events.js:191:7)
14 verbose stack     at ChildProcess.<anonymous> (C:\Program Files\nodejs\node_modules\npm\lib\utils\spawn.js:40:14)
14 verbose stack     at emitTwo (events.js:106:13)
14 verbose stack     at ChildProcess.emit (events.js:191:7)
14 verbose stack     at maybeClose (internal/child_process.js:877:16)
14 verbose stack     at Process.ChildProcess._handle.onexit (internal/child_process.js:226:5)
15 verbose pkgid ut-test@5.2.3
16 verbose cwd D:\projects\impl-standard\dev\ut-test
17 error Windows_NT 10.0.14393
18 error argv "C:\\Program Files\\nodejs\\node.exe" "C:\\Program Files\\nodejs\\node_modules\\npm\\bin\\npm-cli.js" "run" "lint"
19 error node v6.9.1
20 error npm  v3.10.8
21 error code ELIFECYCLE
22 error ut-test@5.2.3 lint: `ut-lint .`
22 error Exit status 1
23 error Failed at the ut-test@5.2.3 lint script 'ut-lint .'.
23 error Make sure you have the latest version of node.js and npm installed.
23 error If you do, this is most likely a problem with the ut-test package,
23 error not with npm itself.
23 error Tell the author that this fails on your system:
23 error     ut-lint .
23 error You can get information on how to open an issue for this project with:
23 error     npm bugs ut-test
23 error Or if that isn't available, you can get their info via:
23 error     npm owner ls ut-test
23 error There is likely additional logging output above.
24 verbose exit [ 1, true ]
